0 info it worked if it ends with ok
1 verbose cli [ '/usr/local/bin/node',
1 verbose cli   '/usr/local/bin/npm',
1 verbose cli   '--registry',
1 verbose cli   'http://build-npm.mo.sap.corp:8080',
1 verbose cli   '--registry',
1 verbose cli   'http://registry.npmjs.org',
1 verbose cli   'install',
1 verbose cli   'express',
1 verbose cli   'mongoose',
1 verbose cli   'body-paser',
1 verbose cli   'q',
1 verbose cli   '--save' ]
2 info using npm@1.4.28
3 info using node@v0.10.33
4 warn package.json UserService@1.0.0 No description
5 warn package.json UserService@1.0.0 No repository field.
6 warn package.json UserService@1.0.0 No README data
7 verbose readDependencies using package.json deps
8 verbose cache add [ 'express', null ]
9 verbose cache add name=undefined spec="express" args=["express",null]
10 verbose parsed url { protocol: null,
10 verbose parsed url   slashes: null,
10 verbose parsed url   auth: null,
10 verbose parsed url   host: null,
10 verbose parsed url   port: null,
10 verbose parsed url   hostname: null,
10 verbose parsed url   hash: null,
10 verbose parsed url   search: null,
10 verbose parsed url   query: null,
10 verbose parsed url   pathname: 'express',
10 verbose parsed url   path: 'express',
10 verbose parsed url   href: 'express' }
11 verbose cache add [ 'mongoose', null ]
12 verbose cache add name=undefined spec="mongoose" args=["mongoose",null]
13 verbose parsed url { protocol: null,
13 verbose parsed url   slashes: null,
13 verbose parsed url   auth: null,
13 verbose parsed url   host: null,
13 verbose parsed url   port: null,
13 verbose parsed url   hostname: null,
13 verbose parsed url   hash: null,
13 verbose parsed url   search: null,
13 verbose parsed url   query: null,
13 verbose parsed url   pathname: 'mongoose',
13 verbose parsed url   path: 'mongoose',
13 verbose parsed url   href: 'mongoose' }
14 verbose cache add [ 'body-paser', null ]
15 verbose cache add name=undefined spec="body-paser" args=["body-paser",null]
16 verbose parsed url { protocol: null,
16 verbose parsed url   slashes: null,
16 verbose parsed url   auth: null,
16 verbose parsed url   host: null,
16 verbose parsed url   port: null,
16 verbose parsed url   hostname: null,
16 verbose parsed url   hash: null,
16 verbose parsed url   search: null,
16 verbose parsed url   query: null,
16 verbose parsed url   pathname: 'body-paser',
16 verbose parsed url   path: 'body-paser',
16 verbose parsed url   href: 'body-paser' }
17 verbose cache add [ 'q', null ]
18 verbose cache add name=undefined spec="q" args=["q",null]
19 verbose parsed url { protocol: null,
19 verbose parsed url   slashes: null,
19 verbose parsed url   auth: null,
19 verbose parsed url   host: null,
19 verbose parsed url   port: null,
19 verbose parsed url   hostname: null,
19 verbose parsed url   hash: null,
19 verbose parsed url   search: null,
19 verbose parsed url   query: null,
19 verbose parsed url   pathname: 'q',
19 verbose parsed url   path: 'q',
19 verbose parsed url   href: 'q' }
20 silly lockFile f3c62de4-express express
21 verbose lock express /Users/i311181/.npm/f3c62de4-express.lock
22 silly lockFile f25dbdd3-mongoose mongoose
23 verbose lock mongoose /Users/i311181/.npm/f25dbdd3-mongoose.lock
24 silly lockFile 771998bc-body-paser body-paser
25 verbose lock body-paser /Users/i311181/.npm/771998bc-body-paser.lock
26 silly lockFile 22ea1c64-q q
27 verbose lock q /Users/i311181/.npm/22ea1c64-q.lock
28 silly lockFile f3c62de4-express express
29 silly lockFile f3c62de4-express express
30 silly lockFile f25dbdd3-mongoose mongoose
31 silly lockFile f25dbdd3-mongoose mongoose
32 silly lockFile 771998bc-body-paser body-paser
33 silly lockFile 771998bc-body-paser body-paser
34 verbose addNamed [ 'express', '' ]
35 verbose addNamed [ null, '*' ]
36 silly lockFile 64a534c1-express express@
37 verbose lock express@ /Users/i311181/.npm/64a534c1-express.lock
38 silly lockFile 22ea1c64-q q
39 silly lockFile 22ea1c64-q q
40 verbose addNamed [ 'mongoose', '' ]
41 verbose addNamed [ null, '*' ]
42 silly lockFile 3bb0fc31-mongoose mongoose@
43 verbose lock mongoose@ /Users/i311181/.npm/3bb0fc31-mongoose.lock
44 verbose addNamed [ 'body-paser', '' ]
45 verbose addNamed [ null, '*' ]
46 silly lockFile 773b3618-body-paser body-paser@
47 verbose lock body-paser@ /Users/i311181/.npm/773b3618-body-paser.lock
48 verbose addNamed [ 'q', '' ]
49 verbose addNamed [ null, '*' ]
50 silly lockFile f83edb5d-q q@
51 verbose lock q@ /Users/i311181/.npm/f83edb5d-q.lock
52 silly addNameRange { name: 'express', range: '*', hasData: false }
53 silly addNameRange { name: 'mongoose', range: '*', hasData: false }
54 silly addNameRange { name: 'body-paser', range: '*', hasData: false }
55 silly addNameRange { name: 'q', range: '*', hasData: false }
56 verbose request where is /body-paser
57 verbose request registry http://registry.npmjs.org/
58 verbose request id b415f1601c9f1664
59 verbose url raw /body-paser
60 verbose url resolving [ 'http://registry.npmjs.org/', './body-paser' ]
61 verbose url resolved http://registry.npmjs.org/body-paser
62 verbose request where is http://registry.npmjs.org/body-paser
63 info trying registry request attempt 1 at 13:34:02
64 http GET http://registry.npmjs.org/body-paser
65 verbose request where is /mongoose
66 verbose request registry http://registry.npmjs.org/
67 verbose url raw /mongoose
68 verbose url resolving [ 'http://registry.npmjs.org/', './mongoose' ]
69 verbose url resolved http://registry.npmjs.org/mongoose
70 verbose request where is http://registry.npmjs.org/mongoose
71 info trying registry request attempt 1 at 13:34:02
72 verbose etag "DZGNVHZQGFUKS4XHIJHHC0J89"
73 http GET http://registry.npmjs.org/mongoose
74 verbose request where is /q
75 verbose request registry http://registry.npmjs.org/
76 verbose url raw /q
77 verbose url resolving [ 'http://registry.npmjs.org/', './q' ]
78 verbose url resolved http://registry.npmjs.org/q
79 verbose request where is http://registry.npmjs.org/q
80 info trying registry request attempt 1 at 13:34:02
81 verbose etag "2SANTD5PR1LZUJYRZO9KAN7EW"
82 http GET http://registry.npmjs.org/q
83 verbose request where is /express
84 verbose request registry http://registry.npmjs.org/
85 verbose url raw /express
86 verbose url resolving [ 'http://registry.npmjs.org/', './express' ]
87 verbose url resolved http://registry.npmjs.org/express
88 verbose request where is http://registry.npmjs.org/express
89 info trying registry request attempt 1 at 13:34:02
90 verbose etag "AU5NHZJD1TK0993SP6ZXXSUC4"
91 http GET http://registry.npmjs.org/express
92 http 404 http://registry.npmjs.org/body-paser
93 verbose headers { server: 'CouchDB/1.5.0 (Erlang OTP/R16B03)',
93 verbose headers   'content-type': 'application/json',
93 verbose headers   'content-length': '51',
93 verbose headers   'accept-ranges': 'bytes',
93 verbose headers   date: 'Fri, 10 Jul 2015 12:33:22 GMT',
93 verbose headers   via: '1.1 varnish',
93 verbose headers   'x-served-by': 'cache-lcy1134-LCY',
93 verbose headers   'x-cache': 'MISS',
93 verbose headers   'x-cache-hits': '0',
93 verbose headers   'x-timer': 'S1436531602.554131,VS0,VE169',
93 verbose headers   'cache-control': 'max-age=0, proxy-revalidate',
93 verbose headers   connection: 'Keep-Alive' }
94 silly registry.get cb [ 404,
94 silly registry.get   { server: 'CouchDB/1.5.0 (Erlang OTP/R16B03)',
94 silly registry.get     'content-type': 'application/json',
94 silly registry.get     'content-length': '51',
94 silly registry.get     'accept-ranges': 'bytes',
94 silly registry.get     date: 'Fri, 10 Jul 2015 12:33:22 GMT',
94 silly registry.get     via: '1.1 varnish',
94 silly registry.get     'x-served-by': 'cache-lcy1134-LCY',
94 silly registry.get     'x-cache': 'MISS',
94 silly registry.get     'x-cache-hits': '0',
94 silly registry.get     'x-timer': 'S1436531602.554131,VS0,VE169',
94 silly registry.get     'cache-control': 'max-age=0, proxy-revalidate',
94 silly registry.get     connection: 'Keep-Alive' } ]
95 silly lockFile 773b3618-body-paser body-paser@
96 silly lockFile 773b3618-body-paser body-paser@
97 http 200 http://registry.npmjs.org/q
98 silly registry.get cb [ 200,
98 silly registry.get   { server: 'CouchDB/1.5.0 (Erlang OTP/R16B03)',
98 silly registry.get     etag: '"EOB9MTCX22FE1LWNAFHTMAM85"',
98 silly registry.get     'content-type': 'application/json',
98 silly registry.get     'content-length': '142496',
98 silly registry.get     'accept-ranges': 'bytes',
98 silly registry.get     date: 'Fri, 10 Jul 2015 12:33:22 GMT',
98 silly registry.get     via: '1.1 varnish',
98 silly registry.get     'x-served-by': 'cache-lcy1121-LCY',
98 silly registry.get     'x-cache': 'MISS',
98 silly registry.get     'x-cache-hits': '0',
98 silly registry.get     'x-timer': 'S1436531602.556200,VS0,VE196',
98 silly registry.get     vary: 'Accept',
98 silly registry.get     'cache-control': 'max-age=60, proxy-revalidate',
98 silly registry.get     connection: 'Keep-Alive' } ]
99 silly addNameRange number 2 { name: 'q', range: '*', hasData: true }
100 silly addNameRange versions [ 'q',
100 silly addNameRange   [ '0.0.0',
100 silly addNameRange     '0.0.1',
100 silly addNameRange     '0.0.2',
100 silly addNameRange     '0.0.3',
100 silly addNameRange     '0.1.0',
100 silly addNameRange     '0.1.1',
100 silly addNameRange     '0.1.2',
100 silly addNameRange     '0.1.3',
100 silly addNameRange     '0.1.4',
100 silly addNameRange     '0.1.5',
100 silly addNameRange     '0.1.6',
100 silly addNameRange     '0.1.7',
100 silly addNameRange     '0.1.8',
100 silly addNameRange     '0.1.9',
100 silly addNameRange     '0.2.0-rc1',
100 silly addNameRange     '0.2.0',
100 silly addNameRange     '0.2.1',
100 silly addNameRange     '0.2.2',
100 silly addNameRange     '0.2.3',
100 silly addNameRange     '0.2.4',
100 silly addNameRange     '0.2.5',
100 silly addNameRange     '0.2.6',
100 silly addNameRange     '0.2.7',
100 silly addNameRange     '0.2.8',
100 silly addNameRange     '0.2.9',
100 silly addNameRange     '0.3.0',
100 silly addNameRange     '0.2.10',
100 silly addNameRange     '0.4.0',
100 silly addNameRange     '0.4.1',
100 silly addNameRange     '0.4.2',
100 silly addNameRange     '0.4.4',
100 silly addNameRange     '0.5.0',
100 silly addNameRange     '0.5.1',
100 silly addNameRange     '0.5.2',
100 silly addNameRange     '0.5.3',
100 silly addNameRange     '0.6.0',
100 silly addNameRange     '0.7.0',
100 silly addNameRange     '0.7.1',
100 silly addNameRange     '0.7.2',
100 silly addNameRange     '0.8.0',
100 silly addNameRange     '0.8.1',
100 silly addNameRange     '0.8.2',
100 silly addNameRange     '0.8.3',
100 silly addNameRange     '0.8.4',
100 silly addNameRange     '0.8.5',
100 silly addNameRange     '0.8.6',
100 silly addNameRange     '0.8.7',
100 silly addNameRange     '0.8.8',
100 silly addNameRange     '0.8.9',
100 silly addNameRange     '0.8.10',
100 silly addNameRange     '0.8.11',
100 silly addNameRange     '0.8.12',
100 silly addNameRange     '0.9.0',
100 silly addNameRange     '0.9.1',
100 silly addNameRange     '0.9.2',
100 silly addNameRange     '0.9.3',
100 silly addNameRange     '0.9.4',
100 silly addNameRange     '0.9.5',
100 silly addNameRange     '0.9.6',
100 silly addNameRange     '0.9.7',
100 silly addNameRange     '1.0.0',
100 silly addNameRange     '1.0.1',
100 silly addNameRange     '2.0.0',
100 silly addNameRange     '2.0.1',
100 silly addNameRange     '2.0.2',
100 silly addNameRange     '1.1.0',
100 silly addNameRange     '1.1.1',
100 silly addNameRange     '1.1.2',
100 silly addNameRange     '2.0.3',
100 silly addNameRange     '1.2.0',
100 silly addNameRange     '1.2.1',
100 silly addNameRange     '1.3.0',
100 silly addNameRange     '1.4.0',
100 silly addNameRange     '1.4.1' ] ]
101 verbose addNamed [ 'q', '1.4.1' ]
102 verbose addNamed [ '1.4.1', '1.4.1' ]
103 silly lockFile 0ea9f2d2-q-1-4-1 q@1.4.1
104 verbose lock q@1.4.1 /Users/i311181/.npm/0ea9f2d2-q-1-4-1.lock
105 silly lockFile 0ea9f2d2-q-1-4-1 q@1.4.1
106 silly lockFile 0ea9f2d2-q-1-4-1 q@1.4.1
107 silly lockFile f83edb5d-q q@
108 silly lockFile f83edb5d-q q@
109 http 200 http://registry.npmjs.org/mongoose
110 silly registry.get cb [ 200,
110 silly registry.get   { server: 'CouchDB/1.5.0 (Erlang OTP/R16B03)',
110 silly registry.get     etag: '"2J86BSVAR5V9MBTKJ2MZRJINC"',
110 silly registry.get     'content-type': 'application/json',
110 silly registry.get     'content-length': '331109',
110 silly registry.get     'accept-ranges': 'bytes',
110 silly registry.get     date: 'Fri, 10 Jul 2015 12:33:22 GMT',
110 silly registry.get     via: '1.1 varnish',
110 silly registry.get     'x-served-by': 'cache-lcy1128-LCY',
110 silly registry.get     'x-cache': 'MISS',
110 silly registry.get     'x-cache-hits': '0',
110 silly registry.get     'x-timer': 'S1436531602.556084,VS0,VE262',
110 silly registry.get     vary: 'Accept',
110 silly registry.get     'cache-control': 'max-age=60, proxy-revalidate',
110 silly registry.get     connection: 'Keep-Alive' } ]
111 silly addNameRange number 2 { name: 'mongoose', range: '*', hasData: true }
112 silly addNameRange versions [ 'mongoose',
112 silly addNameRange   [ '0.0.1',
112 silly addNameRange     '0.0.2',
112 silly addNameRange     '0.0.3',
112 silly addNameRange     '0.0.4',
112 silly addNameRange     '0.0.5',
112 silly addNameRange     '1.0.0',
112 silly addNameRange     '1.0.1',
112 silly addNameRange     '1.0.2',
112 silly addNameRange     '0.0.6',
112 silly addNameRange     '1.0.3',
112 silly addNameRange     '1.0.4',
112 silly addNameRange     '1.0.5',
112 silly addNameRange     '1.0.6',
112 silly addNameRange     '1.0.7',
112 silly addNameRange     '1.0.8',
112 silly addNameRange     '1.0.10',
112 silly addNameRange     '1.0.11',
112 silly addNameRange     '1.0.12',
112 silly addNameRange     '1.0.13',
112 silly addNameRange     '1.0.14',
112 silly addNameRange     '1.0.15',
112 silly addNameRange     '1.0.16',
112 silly addNameRange     '1.1.0',
112 silly addNameRange     '1.1.1',
112 silly addNameRange     '1.1.2',
112 silly addNameRange     '1.1.3',
112 silly addNameRange     '1.1.4',
112 silly addNameRange     '1.1.5',
112 silly addNameRange     '1.1.6',
112 silly addNameRange     '1.1.7',
112 silly addNameRange     '1.1.8',
112 silly addNameRange     '1.1.9',
112 silly addNameRange     '1.1.10',
112 silly addNameRange     '1.1.11',
112 silly addNameRange     '1.1.12',
112 silly addNameRange     '1.1.13',
112 silly addNameRange     '1.1.14',
112 silly addNameRange     '1.1.15',
112 silly addNameRange     '1.1.16',
112 silly addNameRange     '1.1.17',
112 silly addNameRange     '1.1.18',
112 silly addNameRange     '1.1.19',
112 silly addNameRange     '1.1.20',
112 silly addNameRange     '1.1.21',
112 silly addNameRange     '1.1.22',
112 silly addNameRange     '1.1.23',
112 silly addNameRange     '1.1.24',
112 silly addNameRange     '1.1.25',
112 silly addNameRange     '1.2.0',
112 silly addNameRange     '1.3.0',
112 silly addNameRange     '1.3.1',
112 silly addNameRange     '1.3.2',
112 silly addNameRange     '1.3.3',
112 silly addNameRange     '1.3.4',
112 silly addNameRange     '1.3.5',
112 silly addNameRange     '1.3.6',
112 silly addNameRange     '1.3.7',
112 silly addNameRange     '1.4.0',
112 silly addNameRange     '1.5.0',
112 silly addNameRange     '1.6.0',
112 silly addNameRange     '1.7.2',
112 silly addNameRange     '1.7.3',
112 silly addNameRange     '1.7.4',
112 silly addNameRange     '1.8.0',
112 silly addNameRange     '1.8.1',
112 silly addNameRange     '1.8.2',
112 silly addNameRange     '1.8.3',
112 silly addNameRange     '1.8.4',
112 silly addNameRange     '2.0.0',
112 silly addNameRange     '2.0.1',
112 silly addNameRange     '2.0.2',
112 silly addNameRange     '2.0.3',
112 silly addNameRange     '2.0.4',
112 silly addNameRange     '2.1.0',
112 silly addNameRange     '2.1.1',
112 silly addNameRange     '2.1.2',
112 silly addNameRange     '2.1.3',
112 silly addNameRange     '2.1.4',
112 silly addNameRange     '2.2.0',
112 silly addNameRange     '2.2.1',
112 silly addNameRange     '2.2.2',
112 silly addNameRange     '2.2.3',
112 silly addNameRange     '2.2.4',
112 silly addNameRange     '2.3.0',
112 silly addNameRange     '2.3.1',
112 silly addNameRange     '2.3.2',
112 silly addNameRange     '2.3.3',
112 silly addNameRange     '2.3.4',
112 silly addNameRange     '2.3.5',
112 silly addNameRange     '2.3.6',
112 silly addNameRange     '2.3.7',
112 silly addNameRange     '2.3.8',
112 silly addNameRange     '2.3.9',
112 silly addNameRange     '2.3.10',
112 silly addNameRange     '2.3.11',
112 silly addNameRange     '2.3.12',
112 silly addNameRange     '2.3.13',
112 silly addNameRange     '2.4.0',
112 silly addNameRange     '2.4.1',
112 silly addNameRange     '2.4.2',
112 silly addNameRange     '2.4.3',
112 silly addNameRange     '2.4.4',
112 silly addNameRange     '2.4.5',
112 silly addNameRange     '2.4.6',
112 silly addNameRange     '2.4.7',
112 silly addNameRange     '2.4.8',
112 silly addNameRange     '2.4.9',
112 silly addNameRange     '2.4.10',
112 silly addNameRange     '2.5.0',
112 silly addNameRange     '2.5.1',
112 silly addNameRange     '2.5.2',
112 silly addNameRange     '2.5.3',
112 silly addNameRange     '2.5.4',
112 silly addNameRange     '2.5.5',
112 silly addNameRange     '2.5.6',
112 silly addNameRange     '2.5.7',
112 silly addNameRange     '2.5.8',
112 silly addNameRange     '2.5.9',
112 silly addNameRange     '2.5.10',
112 silly addNameRange     '2.5.11',
112 silly addNameRange     '2.5.12',
112 silly addNameRange     '2.5.13',
112 silly addNameRange     '2.5.14',
112 silly addNameRange     '2.6.0',
112 silly addNameRange     '2.6.1',
112 silly addNameRange     '2.6.2',
112 silly addNameRange     '2.6.3',
112 silly addNameRange     '2.6.4',
112 silly addNameRange     '2.6.5',
112 silly addNameRange     '2.6.6',
112 silly addNameRange     '2.6.7',
112 silly addNameRange     '2.6.8',
112 silly addNameRange     '2.7.0',
112 silly addNameRange     '2.7.1',
112 silly addNameRange     '2.7.2',
112 silly addNameRange     '2.7.4',
112 silly addNameRange     '2.7.3',
112 silly addNameRange     '3.0.0',
112 silly addNameRange     '3.0.1',
112 silly addNameRange     '3.0.2',
112 silly addNameRange     '2.8.0',
112 silly addNameRange     '3.0.3',
112 silly addNameRange     '3.1.0',
112 silly addNameRange     '2.8.1',
112 silly addNameRange     '3.1.1',
112 silly addNameRange     '2.8.2',
112 silly addNameRange     '2.8.3',
112 silly addNameRange     '2.9.0',
112 silly addNameRange     '3.2.0',
112 silly addNameRange     '2.9.1',
112 silly addNameRange     '3.2.1',
112 silly addNameRange     '2.9.2',
112 silly addNameRange     '3.2.2',
112 silly addNameRange     '3.3.0',
112 silly addNameRange     '3.3.1',
112 silly addNameRange     '2.9.3',
112 silly addNameRange     '3.4.0',
112 silly addNameRange     '2.9.4',
112 silly addNameRange     '2.9.5',
112 silly addNameRange     '3.5.0',
112 silly addNameRange     '3.5.1',
112 silly addNameRange     '3.5.2',
112 silly addNameRange     '3.5.3',
112 silly addNameRange     '2.9.6',
112 silly addNameRange     '2.9.7',
112 silly addNameRange     '3.5.4',
112 silly addNameRange     '3.5.5',
112 silly addNameRange     '2.9.8',
112 silly addNameRange     '2.9.9',
112 silly addNameRange     '3.5.6',
112 silly addNameRange     '3.5.7',
112 silly addNameRange     '3.5.8',
112 silly addNameRange     '2.9.10',
112 silly addNameRange     '3.5.9',
112 silly addNameRange     '3.6.2',
112 silly addNameRange     '3.5.10',
112 silly addNameRange     '3.6.3',
112 silly addNameRange     '3.5.11',
112 silly addNameRange     '3.6.4',
112 silly addNameRange     '3.6.5',
112 silly addNameRange     '3.6.6',
112 silly addNameRange     '3.6.7',
112 silly addNameRange     '3.5.12',
112 silly addNameRange     '3.6.8',
112 silly addNameRange     '3.6.9',
112 silly addNameRange     '3.6.10',
112 silly addNameRange     '3.5.13',
112 silly addNameRange     '3.5.14',
112 silly addNameRange     '3.6.11',
112 silly addNameRange     '3.6.12',
112 silly addNameRange     '3.6.13',
112 silly addNameRange     '3.6.14',
112 silly addNameRange     '3.6.15',
112 silly addNameRange     '3.5.15',
112 silly addNameRange     '3.7.0',
112 silly addNameRange     '3.6.16',
112 silly addNameRange     '3.5.16',
112 silly addNameRange     '3.6.17',
112 silly addNameRange     '3.7.2',
112 silly addNameRange     '3.0.0-alpha1',
112 silly addNameRange     '3.0.0-alpha2',
112 silly addNameRange     '3.0.0-rc0',
112 silly addNameRange     '3.6.0-rc0',
112 silly addNameRange     '3.6.0-rc1',
112 silly addNameRange     '3.6.18',
112 silly addNameRange     '3.7.3',
112 silly addNameRange     '3.6.19',
112 silly addNameRange     '3.6.20',
112 silly addNameRange     '3.7.4',
112 silly addNameRange     '3.8.0',
112 silly addNameRange     '3.8.1',
112 silly addNameRange     '3.8.2',
112 silly addNameRange     '3.8.3',
112 silly addNameRange     '3.8.4',
112 silly addNameRange     '3.8.5',
112 silly addNameRange     '3.8.6',
112 silly addNameRange     '3.8.7',
112 silly addNameRange     '3.8.8',
112 silly addNameRange     '3.8.9',
112 silly addNameRange     '3.8.10',
112 silly addNameRange     '3.8.11',
112 silly addNameRange     '3.9.0',
112 silly addNameRange     '3.8.12',
112 silly addNameRange     '3.8.13',
112 silly addNameRange     '3.8.14',
112 silly addNameRange     '3.8.15',
112 silly addNameRange     '3.9.1',
112 silly addNameRange     '3.8.16',
112 silly addNameRange     '3.9.2',
112 silly addNameRange     '3.8.17',
112 silly addNameRange     '3.9.3',
112 silly addNameRange     '3.8.18',
112 silly addNameRange     '3.9.4',
112 silly addNameRange     '3.8.19',
112 silly addNameRange     '3.9.5',
112 silly addNameRange     '3.8.20',
112 silly addNameRange     '3.9.6',
112 silly addNameRange     '3.8.21',
112 silly addNameRange     '3.9.7',
112 silly addNameRange     '3.8.22',
112 silly addNameRange     '4.0.0-rc0',
112 silly addNameRange     '4.0.0-rc1',
112 silly addNameRange     '3.8.23',
112 silly addNameRange     '4.0.0-rc2',
112 silly addNameRange     '3.8.24',
112 silly addNameRange     '4.0.0-rc3',
112 silly addNameRange     '3.8.25',
112 silly addNameRange     '4.0.0-rc4',
112 silly addNameRange     '4.0.0',
112 silly addNameRange     '4.0.1',
112 silly addNameRange     '3.8.26',
112 silly addNameRange     '3.8.27',
112 silly addNameRange     '4.0.2',
112 silly addNameRange     '3.8.28',
112 silly addNameRange     '4.0.3',
112 silly addNameRange     '3.8.29',
112 silly addNameRange     '4.0.4',
112 silly addNameRange     '3.8.30',
112 silly addNameRange     '4.0.5',
112 silly addNameRange     '3.8.31',
112 silly addNameRange     '4.0.6' ] ]
113 verbose addNamed [ 'mongoose', '4.0.6' ]
114 verbose addNamed [ '4.0.6', '4.0.6' ]
115 silly lockFile 227d9fa2-mongoose-4-0-6 mongoose@4.0.6
116 verbose lock mongoose@4.0.6 /Users/i311181/.npm/227d9fa2-mongoose-4-0-6.lock
117 silly lockFile 227d9fa2-mongoose-4-0-6 mongoose@4.0.6
118 silly lockFile 227d9fa2-mongoose-4-0-6 mongoose@4.0.6
119 silly lockFile 3bb0fc31-mongoose mongoose@
120 silly lockFile 3bb0fc31-mongoose mongoose@
121 http 200 http://registry.npmjs.org/express
122 silly registry.get cb [ 200,
122 silly registry.get   { server: 'CouchDB/1.5.0 (Erlang OTP/R16B03)',
122 silly registry.get     etag: '"9BRQEP4L02WVJ3EE2IT647I3W"',
122 silly registry.get     'content-type': 'application/json',
122 silly registry.get     'content-length': '515577',
122 silly registry.get     'accept-ranges': 'bytes',
122 silly registry.get     date: 'Fri, 10 Jul 2015 12:33:23 GMT',
122 silly registry.get     via: '1.1 varnish',
122 silly registry.get     'x-served-by': 'cache-lcy1134-LCY',
122 silly registry.get     'x-cache': 'MISS',
122 silly registry.get     'x-cache-hits': '0',
122 silly registry.get     'x-timer': 'S1436531602.555591,VS0,VE1069',
122 silly registry.get     vary: 'Accept',
122 silly registry.get     'cache-control': 'max-age=60, proxy-revalidate',
122 silly registry.get     connection: 'Keep-Alive' } ]
123 silly addNameRange number 2 { name: 'express', range: '*', hasData: true }
124 silly addNameRange versions [ 'express',
124 silly addNameRange   [ '0.14.0',
124 silly addNameRange     '0.14.1',
124 silly addNameRange     '1.0.0',
124 silly addNameRange     '1.0.1',
124 silly addNameRange     '1.0.2',
124 silly addNameRange     '1.0.3',
124 silly addNameRange     '1.0.4',
124 silly addNameRange     '1.0.5',
124 silly addNameRange     '1.0.6',
124 silly addNameRange     '1.0.7',
124 silly addNameRange     '1.0.8',
124 silly addNameRange     '2.0.0',
124 silly addNameRange     '2.1.0',
124 silly addNameRange     '2.1.1',
124 silly addNameRange     '2.2.0',
124 silly addNameRange     '2.2.1',
124 silly addNameRange     '2.2.2',
124 silly addNameRange     '2.3.0',
124 silly addNameRange     '2.3.1',
124 silly addNameRange     '2.3.2',
124 silly addNameRange     '2.3.3',
124 silly addNameRange     '2.3.4',
124 silly addNameRange     '2.3.5',
124 silly addNameRange     '2.3.6',
124 silly addNameRange     '2.3.7',
124 silly addNameRange     '2.3.8',
124 silly addNameRange     '2.3.9',
124 silly addNameRange     '2.3.10',
124 silly addNameRange     '2.3.11',
124 silly addNameRange     '2.3.12',
124 silly addNameRange     '2.4.0',
124 silly addNameRange     '2.4.1',
124 silly addNameRange     '2.4.2',
124 silly addNameRange     '2.4.3',
124 silly addNameRange     '2.4.4',
124 silly addNameRange     '2.4.5',
124 silly addNameRange     '2.4.6',
124 silly addNameRange     '2.4.7',
124 silly addNameRange     '2.5.0',
124 silly addNameRange     '2.5.1',
124 silly addNameRange     '2.5.2',
124 silly addNameRange     '2.5.3',
124 silly addNameRange     '2.5.4',
124 silly addNameRange     '2.5.5',
124 silly addNameRange     '2.5.6',
124 silly addNameRange     '2.5.7',
124 silly addNameRange     '2.5.8',
124 silly addNameRange     '2.5.9',
124 silly addNameRange     '2.5.10',
124 silly addNameRange     '2.5.11',
124 silly addNameRange     '3.0.0',
124 silly addNameRange     '3.0.1',
124 silly addNameRange     '3.0.2',
124 silly addNameRange     '3.0.3',
124 silly addNameRange     '3.0.4',
124 silly addNameRange     '3.0.5',
124 silly addNameRange     '3.0.6',
124 silly addNameRange     '3.1.0',
124 silly addNameRange     '3.1.1',
124 silly addNameRange     '3.1.2',
124 silly addNameRange     '3.2.0',
124 silly addNameRange     '3.2.1',
124 silly addNameRange     '3.2.2',
124 silly addNameRange     '3.2.3',
124 silly addNameRange     '3.2.4',
124 silly addNameRange     '3.2.5',
124 silly addNameRange     '3.2.6',
124 silly addNameRange     '3.3.0',
124 silly addNameRange     '3.3.1',
124 silly addNameRange     '3.3.2',
124 silly addNameRange     '3.3.3',
124 silly addNameRange     '3.3.4',
124 silly addNameRange     '3.3.5',
124 silly addNameRange     '3.3.6',
124 silly addNameRange     '1.0.0-beta',
124 silly addNameRange     '1.0.0-beta2',
124 silly addNameRange     '1.0.0-rc',
124 silly addNameRange     '1.0.0-rc2',
124 silly addNameRange     '1.0.0-rc3',
124 silly addNameRange     '1.0.0-rc4',
124 silly addNameRange     '2.0.0-beta',
124 silly addNameRange     '2.0.0-beta2',
124 silly addNameRange     '2.0.0-beta3',
124 silly addNameRange     '2.0.0-rc',
124 silly addNameRange     '2.0.0-rc2',
124 silly addNameRange     '2.0.0-rc3',
124 silly addNameRange     '3.0.0-alpha1',
124 silly addNameRange     '3.0.0-alpha2',
124 silly addNameRange     '3.0.0-alpha3',
124 silly addNameRange     '3.0.0-alpha4',
124 silly addNameRange     '3.0.0-alpha5',
124 silly addNameRange     '3.0.0-beta1',
124 silly addNameRange     '3.0.0-beta2',
124 silly addNameRange     '3.0.0-beta3',
124 silly addNameRange     '3.0.0-beta4',
124 silly addNameRange     '3.0.0-beta6',
124 silly addNameRange     '3.0.0-beta7',
124 silly addNameRange     '3.0.0-rc1',
124 silly addNameRange     '3.0.0-rc2',
124 silly addNameRange     '3.0.0-rc3',
124 silly addNameRange     '3.0.0-rc4',
124 silly addNameRange     '3.0.0-rc5',
124 silly addNameRange     '3.3.7',
124 silly addNameRange     '3.3.8',
124 silly addNameRange     '3.4.0',
124 silly addNameRange     '3.4.1',
124 silly addNameRange     '3.4.2',
124 silly addNameRange     '3.4.3',
124 silly addNameRange     '3.4.4',
124 silly addNameRange     '3.4.5',
124 silly addNameRange     '3.4.6',
124 silly addNameRange     '3.4.7',
124 silly addNameRange     '3.4.8',
124 silly addNameRange     '4.0.0-rc1',
124 silly addNameRange     '4.0.0-rc2',
124 silly addNameRange     '3.5.0',
124 silly addNameRange     '4.0.0-rc3',
124 silly addNameRange     '4.0.0-rc4',
124 silly addNameRange     '3.5.1',
124 silly addNameRange     '4.0.0',
124 silly addNameRange     '3.5.2',
124 silly addNameRange     '4.1.0',
124 silly addNameRange     '4.1.1',
124 silly addNameRange     '3.5.3',
124 silly addNameRange     '4.1.2',
124 silly addNameRange     '3.6.0',
124 silly addNameRange     '4.2.0',
124 silly addNameRange     '3.7.0',
124 silly addNameRange     '3.8.0',
124 silly addNameRange     '4.3.0',
124 silly addNameRange     '4.3.1',
124 silly addNameRange     '3.8.1',
124 silly addNameRange     '4.3.2',
124 silly addNameRange     '3.9.0',
124 silly addNameRange     '4.4.0',
124 silly addNameRange     '4.4.1',
124 silly addNameRange     '3.10.0',
124 silly addNameRange     '3.10.1',
124 silly addNameRange     '3.10.2',
124 silly addNameRange     '3.10.3',
124 silly addNameRange     '3.10.4',
124 silly addNameRange     '4.4.2',
124 silly addNameRange     '3.10.5',
124 silly addNameRange     '4.4.3',
124 silly addNameRange     '3.11.0',
124 silly addNameRange     '4.4.4',
124 silly addNameRange     '3.12.0',
124 silly addNameRange     '3.12.1',
124 silly addNameRange     '4.4.5',
124 silly addNameRange     '3.13.0',
124 silly addNameRange     '4.5.0',
124 silly addNameRange     '4.5.1',
124 silly addNameRange     '3.14.0',
124 silly addNameRange     '4.6.0',
124 silly addNameRange     '4.6.1',
124 silly addNameRange     '3.15.0',
124 silly addNameRange     '4.7.0',
124 silly addNameRange     '3.15.1',
124 silly addNameRange     '4.7.1',
124 silly addNameRange     '3.15.2',
124 silly addNameRange     '4.7.2',
124 silly addNameRange     '4.7.3',
124 silly addNameRange     '3.15.3',
124 silly addNameRange     '4.7.4',
124 silly addNameRange     '3.16.0',
124 silly addNameRange     '4.8.0',
124 silly addNameRange     '3.16.1',
124 silly addNameRange     '4.8.1',
124 silly addNameRange     '3.16.2',
124 silly addNameRange     '4.8.2',
124 silly addNameRange     '3.16.3',
124 silly addNameRange     '3.16.4',
124 silly addNameRange     '4.8.3',
124 silly addNameRange     '3.16.5',
124 silly addNameRange     '3.16.6',
124 silly addNameRange     '4.8.4',
124 silly addNameRange     '3.16.7',
124 silly addNameRange     '4.8.5',
124 silly addNameRange     '3.16.8',
124 silly addNameRange     '4.8.6',
124 silly addNameRange     '3.16.9',
124 silly addNameRange     '4.8.7',
124 silly addNameRange     '3.16.10',
124 silly addNameRange     '4.8.8',
124 silly addNameRange     '3.17.0',
124 silly addNameRange     '3.17.1',
124 silly addNameRange     '4.9.0',
124 silly addNameRange     '3.17.2',
124 silly addNameRange     '4.9.1',
124 silly addNameRange     '4.9.2',
124 silly addNameRange     '3.17.3',
124 silly addNameRange     '4.9.3',
124 silly addNameRange     '3.17.4',
124 silly addNameRange     '4.9.4',
124 silly addNameRange     '3.17.5',
124 silly addNameRange     '4.9.5',
124 silly addNameRange     '3.17.6',
124 silly addNameRange     '3.17.7',
124 silly addNameRange     '4.9.6',
124 silly addNameRange     '4.9.7',
124 silly addNameRange     '3.17.8',
124 silly addNameRange     '4.9.8',
124 silly addNameRange     '3.18.0',
124 silly addNameRange     '3.18.1',
124 silly addNameRange     '4.10.0',
124 silly addNameRange     '3.18.2',
124 silly addNameRange     '4.10.1',
124 silly addNameRange     '5.0.0-alpha.1',
124 silly addNameRange     '3.18.3',
124 silly addNameRange     '4.10.2',
124 silly addNameRange     '3.18.4',
124 silly addNameRange     '4.10.3',
124 silly addNameRange     '4.10.4',
124 silly addNameRange     '4.10.5',
124 silly addNameRange     '3.18.5',
124 silly addNameRange     '3.18.6',
124 silly addNameRange     '4.10.6',
124 silly addNameRange     '4.10.7',
124 silly addNameRange     '3.19.0',
124 silly addNameRange     '4.10.8',
124 silly addNameRange     '4.11.0',
124 silly addNameRange     '3.19.1',
124 silly addNameRange     '4.11.1',
124 silly addNameRange     '3.19.2',
124 silly addNameRange     '4.11.2',
124 silly addNameRange     '3.20.0',
124 silly addNameRange     '4.12.0',
124 silly addNameRange     '3.20.1',
124 silly addNameRange     '4.12.1',
124 silly addNameRange     '4.12.2',
124 silly addNameRange     '3.20.2',
124 silly addNameRange     '4.12.3',
124 silly addNameRange     '3.20.3',
124 silly addNameRange     '4.12.4',
124 silly addNameRange     '3.21.0',
124 silly addNameRange     '4.13.0',
124 silly addNameRange     '3.21.1',
124 silly addNameRange     '4.13.1',
124 silly addNameRange     '5.0.0-alpha.2' ] ]
125 verbose addNamed [ 'express', '4.13.1' ]
126 verbose addNamed [ '4.13.1', '4.13.1' ]
127 silly lockFile 659f1a1f-express-4-13-1 express@4.13.1
128 verbose lock express@4.13.1 /Users/i311181/.npm/659f1a1f-express-4-13-1.lock
129 silly lockFile 659f1a1f-express-4-13-1 express@4.13.1
130 silly lockFile 659f1a1f-express-4-13-1 express@4.13.1
131 silly lockFile 64a534c1-express express@
132 silly lockFile 64a534c1-express express@
133 error 404 404 Not Found: body-paser
133 error 404
133 error 404 'body-paser' is not in the npm registry.
133 error 404 You should bug the author to publish it
133 error 404 It was specified as a dependency of 'UserService'
133 error 404
133 error 404 Note that you can also install from a
133 error 404 tarball, folder, or http url, or git url.
134 error System Darwin 14.4.0
135 error command "/usr/local/bin/node" "/usr/local/bin/npm" "--registry" "http://build-npm.mo.sap.corp:8080" "--registry" "http://registry.npmjs.org" "install" "express" "mongoose" "body-paser" "q" "--save"
136 error cwd /Users/i311181/Repo/mine/micros/UserService
137 error node -v v0.10.33
138 error npm -v 1.4.28
139 error code E404
140 verbose exit [ 1, true ]
